/home/juan/Repos/complexity-verification-project/dataset6/src/main/java/CarReport.java:13: warning: [initialization.field.uninitialized] the default constructor does not initialize field mFuelType
    private Save mFuelType;
                 ^
/home/juan/Repos/complexity-verification-project/dataset6/src/main/java/CarReport.java:14: warning: [initialization.field.uninitialized] the default constructor does not initialize field mEdtCategory
    private Save mEdtCategory;
                 ^
/home/juan/Repos/complexity-verification-project/dataset6/src/main/java/CarReport.java:15: warning: [initialization.field.uninitialized] the default constructor does not initialize field mEdtName
    private Save mEdtName;
                 ^
/home/juan/Repos/complexity-verification-project/dataset6/src/main/java/CarReport.java:16: warning: [initialization.field.uninitialized] the default constructor does not initialize field mOtherFuelTypeNames
    private List<Object> mOtherFuelTypeNames;
                         ^
/home/juan/Repos/complexity-verification-project/dataset6/src/main/java/CarReport.java:17: warning: [initialization.field.uninitialized] the default constructor does not initialize field mBtnOk
    private Button mBtnOk;
                   ^
/home/juan/Repos/complexity-verification-project/dataset6/src/main/java/CarReport.java:18: warning: [initialization.field.uninitialized] the default constructor does not initialize field mTxtTrustCertificateDescription
    private View mTxtTrustCertificateDescription;
                 ^
/home/juan/Repos/complexity-verification-project/dataset6/src/main/java/CarReport.java:19: warning: [initialization.field.uninitialized] the default constructor does not initialize field mTxtTrustCertificate
    private View mTxtTrustCertificate;
                 ^
/home/juan/Repos/complexity-verification-project/dataset6/src/main/java/CarReport.java:20: warning: [initialization.field.uninitialized] the default constructor does not initialize field mChkTrustCertificate
    private View mChkTrustCertificate;
                 ^
/home/juan/Repos/complexity-verification-project/dataset6/src/main/java/CarReport.java:21: warning: [initialization.field.uninitialized] the default constructor does not initialize field mEdtUserName
    private EditText mEdtUserName;
                     ^
/home/juan/Repos/complexity-verification-project/dataset6/src/main/java/CarReport.java:22: warning: [initialization.field.uninitialized] the default constructor does not initialize field mEdtPassword
    private EditText mEdtPassword;
                     ^
/home/juan/Repos/complexity-verification-project/dataset6/src/main/java/CarReport.java:23: warning: [initialization.field.uninitialized] the default constructor does not initialize field mEdtUrl
    private EditText mEdtUrl;
                     ^
/home/juan/Repos/complexity-verification-project/dataset6/src/main/java/CarReport.java:24: warning: [initialization.field.uninitialized] the default constructor does not initialize field mFullScreenChartAnimator
    private AnimatorSet mFullScreenChartAnimator;
                        ^
/home/juan/Repos/complexity-verification-project/dataset6/src/main/java/CarReport.java:25: warning: [initialization.field.uninitialized] the default constructor does not initialize field mCurrentFullScreenChart
    private ComboLineColumnChartView mCurrentFullScreenChart;
                                     ^
/home/juan/Repos/complexity-verification-project/dataset6/src/main/java/CarReport.java:26: warning: [initialization.field.uninitialized] the default constructor does not initialize field mFullScreenChart
    private View mFullScreenChart;
                 ^
/home/juan/Repos/complexity-verification-project/dataset6/src/main/java/CarReport.java:27: warning: [initialization.field.uninitialized] the default constructor does not initialize field mCurrentFullScreenStartBounds
    private Rect mCurrentFullScreenStartBounds;
                 ^
/home/juan/Repos/complexity-verification-project/dataset6/src/main/java/CarReport.java:30: warning: [initialization.field.uninitialized] the default constructor does not initialize field mFullScreenChartHolder
    private ComboLineColumnChartView mFullScreenChartHolder;
                                     ^
/home/juan/Repos/complexity-verification-project/dataset6/src/main/java/CarReport.java:31: warning: [initialization.field.uninitialized] the default constructor does not initialize field android
    private View android;
                 ^
/home/juan/Repos/complexity-verification-project/dataset6/src/main/java/CarReport.java:32: warning: [initialization.field.uninitialized] the default constructor does not initialize field mAppBarLayout
    private ComboLineColumnChartView mAppBarLayout;
                                     ^
/home/juan/Repos/complexity-verification-project/dataset6/src/main/java/CarReport.java:33: warning: [initialization.field.uninitialized] the default constructor does not initialize field mDbxClient
    private View mDbxClient;
                 ^
/home/juan/Repos/complexity-verification-project/dataset6/src/main/java/CarReport.java:152: warning: [argument] incompatible argument for parameter date of suspendedSince.
        CarCursor car = new CarSelection().suspendedSince((Date) null).query(getContentResolver(),
                                                          ^
  found   : @FBCBottom @Nullable Date
  required: @Initialized @NonNull Date
/home/juan/Repos/complexity-verification-project/dataset6/src/main/java/CarReport.java:240: warning: [assignment] incompatible types in assignment.
                mFullScreenChartAnimator = null;
                                           ^
  found   : null (NullType)
  required: @Initialized @NonNull CarReport.@Initialized @NonNull AnimatorSet
/home/juan/Repos/complexity-verification-project/dataset6/src/main/java/CarReport.java:381: warning: [initialization.static.field.uninitialized] static field string not initialized
        public static Save string;
                           ^
/home/juan/Repos/complexity-verification-project/dataset6/src/main/java/CarReport.java:382: warning: [initialization.static.field.uninitialized] static field id not initialized
        public static R id;
                        ^
/home/juan/Repos/complexity-verification-project/dataset6/src/main/java/CarReport.java:383: warning: [initialization.static.field.uninitialized] static field layout not initialized
        public static View layout;
                           ^
/home/juan/Repos/complexity-verification-project/dataset6/src/main/java/CarReport.java:384: warning: [initialization.field.uninitialized] the default constructor does not initialize field edt_url
        public Object edt_url;
                      ^
/home/juan/Repos/complexity-verification-project/dataset6/src/main/java/CarReport.java:385: warning: [initialization.field.uninitialized] the default constructor does not initialize field edt_user_name
        public Object edt_user_name;
                      ^
/home/juan/Repos/complexity-verification-project/dataset6/src/main/java/CarReport.java:386: warning: [initialization.field.uninitialized] the default constructor does not initialize field edt_password
        public Object edt_password;
                      ^
/home/juan/Repos/complexity-verification-project/dataset6/src/main/java/CarReport.java:387: warning: [initialization.field.uninitialized] the default constructor does not initialize field txt_trust_certificate_description
        public Object txt_trust_certificate_description;
                      ^
/home/juan/Repos/complexity-verification-project/dataset6/src/main/java/CarReport.java:388: warning: [initialization.field.uninitialized] the default constructor does not initialize field txt_trust_certificate
        public Object txt_trust_certificate;
                      ^
/home/juan/Repos/complexity-verification-project/dataset6/src/main/java/CarReport.java:389: warning: [initialization.field.uninitialized] the default constructor does not initialize field chk_trust_certificate
        public Object chk_trust_certificate;
                      ^
/home/juan/Repos/complexity-verification-project/dataset6/src/main/java/CarReport.java:390: warning: [initialization.field.uninitialized] the default constructor does not initialize field btn_ok
        public Object btn_ok;
                      ^
/home/juan/Repos/complexity-verification-project/dataset6/src/main/java/CarReport.java:391: warning: [initialization.field.uninitialized] the default constructor does not initialize field btn_cancel
        public Object btn_cancel;
                      ^
/home/juan/Repos/complexity-verification-project/dataset6/src/main/java/CarReport.java:399: warning: [assignment] incompatible types in assignment.
            public static final Object MATCH_PARENT = null;
                                                      ^
  found   : null (NullType)
  required: @Initialized @NonNull Object
/home/juan/Repos/complexity-verification-project/dataset6/src/main/java/CarReport.java:400: warning: [assignment] incompatible types in assignment.
            public static final Object WRAP_CONTENT = null;
                                                      ^
  found   : null (NullType)
  required: @Initialized @NonNull Object
/home/juan/Repos/complexity-verification-project/dataset6/src/main/java/CarReport.java:414: warning: [assignment] incompatible types in assignment.
        public static final Object GONE = null;
                                          ^
  found   : null (NullType)
  required: @Initialized @NonNull Object
/home/juan/Repos/complexity-verification-project/dataset6/src/main/java/CarReport.java:415: warning: [assignment] incompatible types in assignment.
        public static final Object INVISIBLE = null;
                                               ^
  found   : null (NullType)
  required: @Initialized @NonNull Object
/home/juan/Repos/complexity-verification-project/dataset6/src/main/java/CarReport.java:416: warning: [assignment] incompatible types in assignment.
        public static final Object VISIBLE = null;
                                             ^
  found   : null (NullType)
  required: @Initialized @NonNull Object
/home/juan/Repos/complexity-verification-project/dataset6/src/main/java/CarReport.java:417: warning: [assignment] incompatible types in assignment.
        public static final Object X = null;
                                       ^
  found   : null (NullType)
  required: @Initialized @NonNull Object
/home/juan/Repos/complexity-verification-project/dataset6/src/main/java/CarReport.java:418: warning: [assignment] incompatible types in assignment.
        public static final Object Y = null;
                                       ^
  found   : null (NullType)
  required: @Initialized @NonNull Object
/home/juan/Repos/complexity-verification-project/dataset6/src/main/java/CarReport.java:419: warning: [assignment] incompatible types in assignment.
        public static final Object SCALE_X = null;
                                             ^
  found   : null (NullType)
  required: @Initialized @NonNull Object
/home/juan/Repos/complexity-verification-project/dataset6/src/main/java/CarReport.java:420: warning: [assignment] incompatible types in assignment.
        public static final Object SCALE_Y = null;
                                             ^
  found   : null (NullType)
  required: @Initialized @NonNull Object
/home/juan/Repos/complexity-verification-project/dataset6/src/main/java/CarReport.java:421: warning: [assignment] incompatible types in assignment.
        public static final View R = null;
                                     ^
  found   : null (NullType)
  required: @Initialized @NonNull View
/home/juan/Repos/complexity-verification-project/dataset6/src/main/java/CarReport.java:422: warning: [initialization.field.uninitialized] the default constructor does not initialize field activity_setup_webdav_sync
        public Object activity_setup_webdav_sync;
                      ^
/home/juan/Repos/complexity-verification-project/dataset6/src/main/java/CarReport.java:423: warning: [initialization.field.uninitialized] the default constructor does not initialize field integer
        public View integer;
                    ^
/home/juan/Repos/complexity-verification-project/dataset6/src/main/java/CarReport.java:424: warning: [initialization.field.uninitialized] the default constructor does not initialize field config_longAnimTime
        public Object config_longAnimTime;
                      ^
/home/juan/Repos/complexity-verification-project/dataset6/src/main/java/CarReport.java:478: warning: [assignment] incompatible types in assignment.
        public static final Object RESULT_CANCELED = null;
                                                     ^
  found   : null (NullType)
  required: @Initialized @NonNull Object
/home/juan/Repos/complexity-verification-project/dataset6/src/main/java/CarReport.java:538: warning: [assignment] incompatible types in assignment.
        public static final Object ALL_COLUMNS = null;
                                                 ^
  found   : null (NullType)
  required: @Initialized @NonNull Object
/home/juan/Repos/complexity-verification-project/dataset6/src/main/java/CarReport.java:539: warning: [assignment] incompatible types in assignment.
        public static final String NAME = null;
                                          ^
  found   : null (NullType)
  required: @Initialized @NonNull String
/home/juan/Repos/complexity-verification-project/dataset6/src/main/java/CarReport.java:646: warning: [initialization.field.uninitialized] the default constructor does not initialize field left
        public Object left;
                      ^
/home/juan/Repos/complexity-verification-project/dataset6/src/main/java/CarReport.java:647: warning: [initialization.field.uninitialized] the default constructor does not initialize field top
        public Object top;
                      ^
/home/juan/Repos/complexity-verification-project/dataset6/src/main/java/CarReport.java:159: warning: [array.length.negative] Variable used in array creation could be negative.
            final long[] carIds = new long[car.getCount()];
                                                       ^
  found   : @LowerBoundUnknown int
  required: an integer >= 0 (@NonNegative or @Positive)
/home/juan/Repos/complexity-verification-project/dataset6/src/main/java/CarReport.java:160: warning: [array.length.negative] Variable used in array creation could be negative.
            final String[] carNames = new String[car.getCount()];
                                                             ^
  found   : @LowerBoundUnknown int
  required: an integer >= 0 (@NonNegative or @Positive)
/home/juan/Repos/complexity-verification-project/dataset6/src/main/java/CarReport.java:162: warning: [array.access.unsafe.low] Potentially unsafe array access: the index could be negative.
                carIds[car.getPosition()] = car.getId();
                                      ^
  found   : @LowerBoundUnknown int
  required: an integer >= 0 (@NonNegative or @Positive)
/home/juan/Repos/complexity-verification-project/dataset6/src/main/java/CarReport.java:162: warning: [array.access.unsafe.high] Potentially unsafe array access: the index could be larger than the array's bound
                carIds[car.getPosition()] = car.getId();
                                      ^
  found   : @UpperBoundUnknown int
  required: @IndexFor("carIds") or @LTLengthOf("carIds") -- an integer less than carIds's length
/home/juan/Repos/complexity-verification-project/dataset6/src/main/java/CarReport.java:163: warning: [array.access.unsafe.low] Potentially unsafe array access: the index could be negative.
                carNames[car.getPosition()] = car.getName();
                                        ^
  found   : @LowerBoundUnknown int
  required: an integer >= 0 (@NonNegative or @Positive)
/home/juan/Repos/complexity-verification-project/dataset6/src/main/java/CarReport.java:163: warning: [array.access.unsafe.high] Potentially unsafe array access: the index could be larger than the array's bound
                carNames[car.getPosition()] = car.getName();
                                        ^
  found   : @UpperBoundUnknown int
  required: @IndexFor("carNames") or @LTLengthOf("carNames") -- an integer less than carNames's length
/home/juan/Repos/complexity-verification-project/dataset6/src/main/java/CarReport.java:170: warning: [array.access.unsafe.low] Potentially unsafe array access: the index could be negative.
                            Intent intent = getDetailActivityIntent(edit, carIds[which], otherType);
                                                                                 ^
  found   : @LowerBoundUnknown int
  required: an integer >= 0 (@NonNegative or @Positive)
/home/juan/Repos/complexity-verification-project/dataset6/src/main/java/CarReport.java:170: warning: [array.access.unsafe.high] Potentially unsafe array access: the index could be larger than the array's bound
                            Intent intent = getDetailActivityIntent(edit, carIds[which], otherType);
                                                                                 ^
  found   : @UpperBoundUnknown int
  required: @IndexFor("carIds") or @LTLengthOf("carIds") -- an integer less than carIds's length
/home/juan/Repos/complexity-verification-project/dataset6/src/main/java/Antlr4Master.java:17: warning: [initialization.field.uninitialized] the default constructor does not initialize field log
    private Logger log;
                   ^
/home/juan/Repos/complexity-verification-project/dataset6/src/main/java/Antlr4Master.java:18: warning: [initialization.field.uninitialized] the default constructor does not initialize field sourceDirectory
    private String sourceDirectory;
                   ^
/home/juan/Repos/complexity-verification-project/dataset6/src/main/java/Antlr4Master.java:19: warning: [initialization.field.uninitialized] the default constructor does not initialize field grammars
    private Grammar grammars;
                    ^
/home/juan/Repos/complexity-verification-project/dataset6/src/main/java/Antlr4Master.java:20: warning: [initialization.field.uninitialized] the default constructor does not initialize field grammarName
    private String grammarName;
                   ^
/home/juan/Repos/complexity-verification-project/dataset6/src/main/java/Antlr4Master.java:21: warning: [initialization.field.uninitialized] the default constructor does not initialize field startRuleName
    private String startRuleName;
                   ^
/home/juan/Repos/complexity-verification-project/dataset6/src/main/java/Antlr4Master.java:22: warning: [initialization.field.uninitialized] the default constructor does not initialize field encoding
    private String encoding;
                   ^
/home/juan/Repos/complexity-verification-project/dataset6/src/main/java/Antlr4Master.java:23: warning: [initialization.field.uninitialized] the default constructor does not initialize field inputFiles
    private List<String> inputFiles;
                         ^
/home/juan/Repos/complexity-verification-project/dataset6/src/main/java/Antlr4Master.java:25: warning: [initialization.field.uninitialized] the default constructor does not initialize field buckets
    private T[][] buckets;
                  ^
/home/juan/Repos/complexity-verification-project/dataset6/src/main/java/Antlr4Master.java:26: warning: [initialization.field.uninitialized] the default constructor does not initialize field comparator
    private Comparador comparator;
                       ^
/home/juan/Repos/complexity-verification-project/dataset6/src/main/java/Antlr4Master.java:116: warning: [dereference.of.nullable] dereference of possibly-null reference cl
            lexerClass = cl.loadClass(lexerName).asSubclass(Lexer.class);
                         ^
/home/juan/Repos/complexity-verification-project/dataset6/src/main/java/Antlr4Master.java:131: warning: [argument] incompatible argument for parameter initargs of newInstance.
        Lexer lexer = lexerCtor.newInstance((CharStream)null);
                                            ^
  found   : @Initialized @NonNull Antlr4Master.@FBCBottom @Nullable CharStream
  required: @Initialized @NonNull Object
/home/juan/Repos/complexity-verification-project/dataset6/src/main/java/Antlr4Master.java:139: warning: [argument] incompatible argument for parameter initargs of newInstance.
            parser = parserCtor.newInstance((TokenStream)null);
                                            ^
  found   : @Initialized @NonNull Antlr4Master.@FBCBottom @Nullable TokenStream
  required: @Initialized @NonNull Object
/home/juan/Repos/complexity-verification-project/dataset6/src/main/java/Antlr4Master.java:152: warning: [argument] incompatible argument for parameter c of process.
            process(lexer, parserClass, parser, charStream);
                           ^
  found   : @Initialized @Nullable Class<capture#987 extends @Initialized @NonNull Antlr4Master.@Initialized @NonNull Parser>
  required: @Initialized @NonNull Class</*INFERENCE FAILED for:*/ ? extends @Initialized @NonNull Object>
/home/juan/Repos/complexity-verification-project/dataset6/src/main/java/Antlr4Master.java:152: warning: [argument] incompatible argument for parameter p of process.
            process(lexer, parserClass, parser, charStream);
                                        ^
  found   : @Initialized @NonNull Antlr4Master.@Initialized @Nullable Parser
  required: @Initialized @NonNull Antlr4Master.@Initialized @NonNull Parser
/home/juan/Repos/complexity-verification-project/dataset6/src/main/java/Antlr4Master.java:167: warning: [argument] incompatible argument for parameter c of process.
            process(lexer, parserClass, parser, charStream);
                           ^
  found   : @Initialized @Nullable Class<capture#360 extends @Initialized @NonNull Antlr4Master.@Initialized @NonNull Parser>
  required: @Initialized @NonNull Class</*INFERENCE FAILED for:*/ ? extends @Initialized @NonNull Object>
/home/juan/Repos/complexity-verification-project/dataset6/src/main/java/Antlr4Master.java:167: warning: [argument] incompatible argument for parameter p of process.
            process(lexer, parserClass, parser, charStream);
                                        ^
  found   : @Initialized @NonNull Antlr4Master.@Initialized @Nullable Parser
  required: @Initialized @NonNull Antlr4Master.@Initialized @NonNull Parser
/home/juan/Repos/complexity-verification-project/dataset6/src/main/java/Antlr4Master.java:232: warning: [assignment] incompatible types in assignment.
                bucket[bucket.length - 1] = null;
                                            ^
  found   : null (NullType)
  required: @Initialized @NonNull Antlr4Master.@Initialized @NonNull T
/home/juan/Repos/complexity-verification-project/dataset6/src/main/java/Antlr4Master.java:404: warning: [override.param] Incompatible parameter type for a.
        public <T> T[] toArray(T[] a) {
                                   ^
  found   : T extends @Initialized @Nullable Object @Initialized @NonNull []
  required: T extends @Initialized @PolyNull Object @Initialized @NonNull []
  Consequence: method in @Initialized @NonNull ATNConfigSet
    <T extends @Initialized @Nullable Object> T extends @Initialized @Nullable Object @Initialized @NonNull [] toArray(@Initialized @NonNull ATNConfigSet this, T extends @Initialized @Nullable Object @Initialized @NonNull [] p0)
  cannot override method in @Initialized @NonNull Set<@Initialized @NonNull ATNConfig>
    <T extends @Initialized @Nullable Object> T extends @Initialized @Nullable Object @Initialized @NonNull [] toArray(@Initialized @NonNull Set<@Initialized @NonNull ATNConfig> this, T extends @Initialized @PolyNull Object @Initialized @NonNull [] p0)
/home/juan/Repos/complexity-verification-project/dataset6/src/main/java/Antlr4Master.java:453: warning: [assignment] incompatible types in assignment.
        public static final PredictionMode SLL = null;
                                                 ^
  found   : null (NullType)
  required: @Initialized @NonNull PredictionMode
/home/juan/Repos/complexity-verification-project/dataset6/src/main/java/Antlr4Master.java:463: warning: [assignment] incompatible types in assignment.
        public static final Object NONE = null;
                                          ^
  found   : null (NullType)
  required: @Initialized @NonNull Object
/home/juan/Repos/complexity-verification-project/dataset6/src/main/java/Antlr4Master.java:184: warning: [not.interned] attempting to use a non-@Interned comparison operand
        if ( mode == PredictionMode.SLL ) {
             ^
/home/juan/Repos/complexity-verification-project/dataset6/src/main/java/Antlr4Master.java:184: warning: [not.interned] attempting to use a non-@Interned comparison operand
        if ( mode == PredictionMode.SLL ) {
                                   ^
/home/juan/Repos/complexity-verification-project/dataset6/src/main/java/Antlr4Master.java:216: warning: [array.access.unsafe.low] Potentially unsafe array access: the index could be negative.
        T[] bucket = buckets[b];
                             ^
  found   : @LowerBoundUnknown int
  required: an integer >= 0 (@NonNegative or @Positive)
/home/juan/Repos/complexity-verification-project/dataset6/src/main/java/Antlr4Master.java:216: warning: [array.access.unsafe.high] Potentially unsafe array access: the index could be larger than the array's bound
        T[] bucket = buckets[b];
                             ^
  found   : @UpperBoundUnknown int
  required: @IndexFor("this.buckets") or @LTLengthOf("this.buckets") -- an integer less than this.buckets's length
/home/juan/Repos/complexity-verification-project/dataset6/src/main/java/Antlr4Master.java:232: warning: [array.access.unsafe.low] Potentially unsafe array access: the index could be negative.
                bucket[bucket.length - 1] = null;
                                     ^
  found   : @GTENegativeOne int
  required: an integer >= 0 (@NonNegative or @Positive)
/home/juan/Repos/complexity-verification-project/dataset6/src/main/java/Antlr4Master.java:379: warning: [override.return] Incompatible return type.
        public int size() {
               ^
  found   : @LowerBoundUnknown int
  required: @NonNegative int
  Consequence: method in @LowerBoundUnknown ATNConfigSet
    @LowerBoundUnknown int size(@LowerBoundUnknown ATNConfigSet this)
  cannot override method in @LowerBoundUnknown Set<@LowerBoundUnknown ATNConfig>
    @NonNegative int size(@LowerBoundUnknown Set<@LowerBoundUnknown ATNConfig> this)
/home/juan/Repos/complexity-verification-project/dataset6/src/main/java/Antlr4Master.java:116: warning: [argument] incompatible argument for parameter name of loadClass.
            lexerClass = cl.loadClass(lexerName).asSubclass(Lexer.class);
                                      ^
  found   : @SignatureUnknown String
  required: @BinaryName String
/home/juan/Repos/complexity-verification-project/dataset6/src/main/java/Antlr4Master.java:122: warning: [argument] incompatible argument for parameter name of loadClass.
                lexerClass = cl.loadClass(lexerName).asSubclass(Lexer.class);
                                          ^
  found   : @SignatureUnknown String
  required: @BinaryName String
/home/juan/Repos/complexity-verification-project/dataset6/src/main/java/Antlr4Master.java:137: warning: [argument] incompatible argument for parameter name of loadClass.
            parserClass = cl.loadClass(parserName).asSubclass(Parser.class);
                                       ^
  found   : @SignatureUnknown String
  required: @BinaryName String
/home/juan/Repos/complexity-verification-project/dataset6/src/main/java/MyExpenses.java:15: warning: [initialization.field.uninitialized] the default constructor does not initialize field mDrawerListAdapter
    private StickyListHeadersAdapter mDrawerListAdapter;
                                     ^
/home/juan/Repos/complexity-verification-project/dataset6/src/main/java/MyExpenses.java:17: warning: [initialization.field.uninitialized] the default constructor does not initialize field mList
    private Dummy mList;
                  ^
/home/juan/Repos/complexity-verification-project/dataset6/src/main/java/MyExpenses.java:18: warning: [initialization.field.uninitialized] the default constructor does not initialize field payeeToId
    private Dummy payeeToId;
                  ^
/home/juan/Repos/complexity-verification-project/dataset6/src/main/java/MyExpenses.java:19: warning: [initialization.field.uninitialized] the default constructor does not initialize field currentFont
    private Font currentFont;
                 ^
/home/juan/Repos/complexity-verification-project/dataset6/src/main/java/MyExpenses.java:21: warning: [initialization.field.uninitialized] the default constructor does not initialize field mAdapter
    private Dummy mAdapter;
                  ^
/home/juan/Repos/complexity-verification-project/dataset6/src/main/java/MyExpenses.java:22: warning: [initialization.field.uninitialized] the default constructor does not initialize field files
    private Dummy[] files;
                    ^
/home/juan/Repos/complexity-verification-project/dataset6/src/main/java/MyExpenses.java:69: warning: [argument] incompatible argument for parameter o of startTaskExecution.
                            null,
                            ^
  found   : null (NullType)
  required: @Initialized @NonNull Object
/home/juan/Repos/complexity-verification-project/dataset6/src/main/java/MyExpenses.java:169: warning: [return] incompatible types in return.
        return null;
               ^
  type of expression: null (NullType)
  method return type: @Initialized @NonNull Dummy
/home/juan/Repos/complexity-verification-project/dataset6/src/main/java/MyExpenses.java:266: warning: [return] incompatible types in return.
        return newChunk;
               ^
  type of expression: @Initialized @NonNull MyExpenses.@Initialized @Nullable Chunk
  method return type: @Initialized @NonNull MyExpenses.@Initialized @NonNull Chunk
/home/juan/Repos/complexity-verification-project/dataset6/src/main/java/MyExpenses.java:352: warning: [assignment] incompatible types in assignment.
        public static final Object KEY_FILTER = null;
                                                ^
  found   : null (NullType)
  required: @Initialized @NonNull Object
/home/juan/Repos/complexity-verification-project/dataset6/src/main/java/MyExpenses.java:370: warning: [assignment] incompatible types in assignment.
        public static final Object TASK_SPLIT = null;
                                                ^
  found   : null (NullType)
  required: @Initialized @NonNull Object
/home/juan/Repos/complexity-verification-project/dataset6/src/main/java/MyExpenses.java:378: warning: [assignment] incompatible types in assignment.
        public static final Dummy ASYNC_TAG = null;
                                              ^
  found   : null (NullType)
  required: @Initialized @NonNull Dummy
/home/juan/Repos/complexity-verification-project/dataset6/src/main/java/MyExpenses.java:379: warning: [assignment] incompatible types in assignment.
        public static final Dummy PROGRESS_TAG = null;
                                                 ^
  found   : null (NullType)
  required: @Initialized @NonNull Dummy
/home/juan/Repos/complexity-verification-project/dataset6/src/main/java/MyExpenses.java:389: warning: [initialization.static.field.uninitialized] static field string not initialized
        public static Dummy string;
                            ^
/home/juan/Repos/complexity-verification-project/dataset6/src/main/java/MyExpenses.java:526: warning: [initialization.fields.uninitialized] the constructor does not initialize fields: uuid, comment, referenceNumber, crStatus
        public Transaction(Dummy id, Long amount) {
               ^
/home/juan/Repos/complexity-verification-project/dataset6/src/main/java/MyExpenses.java:530: warning: [initialization.fields.uninitialized] the constructor does not initialize fields: uuid, comment, referenceNumber, crStatus
        public Transaction() {
               ^
/home/juan/Repos/complexity-verification-project/dataset6/src/main/java/MyExpenses.java:599: warning: [initialization.field.uninitialized] the default constructor does not initialize field progress_dialog_printing
        public Dummy progress_dialog_printing;
                     ^
/home/juan/Repos/complexity-verification-project/dataset6/src/main/java/MyExpenses.java:236: warning: [not.interned] attempting to use a non-@Interned comparison operand
                        if (currentFont != font) {
                            ^
/home/juan/Repos/complexity-verification-project/dataset6/src/main/java/MyExpenses.java:236: warning: [not.interned] attempting to use a non-@Interned comparison operand
                        if (currentFont != font) {
                                           ^
/home/juan/Repos/complexity-verification-project/dataset6/src/main/java/MyExpenses.java:253: warning: [not.interned] attempting to use a non-@Interned comparison operand
                        if (currentFont != font) {
                            ^
/home/juan/Repos/complexity-verification-project/dataset6/src/main/java/MyExpenses.java:253: warning: [not.interned] attempting to use a non-@Interned comparison operand
                        if (currentFont != font) {
                                           ^
/home/juan/Repos/complexity-verification-project/dataset6/src/main/java/MyExpenses.java:225: warning: [array.access.unsafe.low] Potentially unsafe array access: the index could be negative.
        char c = cc[k];
                    ^
  found   : @LowerBoundUnknown int
  required: an integer >= 0 (@NonNegative or @Positive)
/home/juan/Repos/complexity-verification-project/dataset6/src/main/java/MyExpenses.java:225: warning: [array.access.unsafe.high] Potentially unsafe array access: the index could be larger than the array's bound
        char c = cc[k];
                    ^
  found   : @UpperBoundUnknown int
  required: @IndexFor("cc") or @LTLengthOf("cc") -- an integer less than cc's length
/home/juan/Repos/complexity-verification-project/dataset6/src/main/java/MyExpenses.java:244: warning: [array.access.unsafe.low] Potentially unsafe array access: the index could be negative.
                        sb.append(cc[++k]);
                                     ^
  found   : @LowerBoundUnknown int
  required: an integer >= 0 (@NonNegative or @Positive)
/home/juan/Repos/complexity-verification-project/dataset6/src/main/java/MyExpenses.java:244: warning: [array.access.unsafe.high] Potentially unsafe array access: the index could be larger than the array's bound
                        sb.append(cc[++k]);
                                     ^
  found   : @UpperBoundUnknown int
  required: @IndexFor("cc") or @LTLengthOf("cc") -- an integer less than cc's length
/home/juan/Repos/complexity-verification-project/dataset6/src/main/java/OpenCMSCore.java:170: warning: [removal] Double(double) in Double has been deprecated and marked for removal
                        parameters.add(Integer.toString(new Double(st.nval).intValue()));
                                                        ^
/home/juan/Repos/complexity-verification-project/dataset6/src/main/java/OpenCMSCore.java:12: warning: [initialization.field.uninitialized] the default constructor does not initialize field m_out
    private OpenCMSWriter m_out;
                          ^
/home/juan/Repos/complexity-verification-project/dataset6/src/main/java/OpenCMSCore.java:13: warning: [initialization.field.uninitialized] the default constructor does not initialize field m_err
    private PrintStream m_err;
                        ^
/home/juan/Repos/complexity-verification-project/dataset6/src/main/java/OpenCMSCore.java:172: warning: [argument] incompatible argument for parameter arg0 of add.
                        parameters.add(st.sval);
                                         ^
  found   : @Initialized @Nullable String
  required: @Initialized @NonNull String
/home/juan/Repos/complexity-verification-project/dataset6/src/main/java/OpenCMSCore.java:273: warning: [argument] incompatible argument for parameter o of defaultButtonHtml.
                    null,
                    ^
  found   : null (NullType)
  required: @Initialized @NonNull Object
/home/juan/Repos/complexity-verification-project/dataset6/src/main/java/OpenCMSCore.java:605: warning: [assignment] incompatible types in assignment.
        public static final Object SMALL_ICON_TEXT = null;
                                                     ^
  found   : null (NullType)
  required: @Initialized @NonNull Object
/home/juan/Repos/complexity-verification-project/dataset6/src/main/java/OpenCMSCore.java:24: warning: [required.method.not.called] @MustCall method close may not have been invoked on temp-var-554 or any of its aliases.
        execute(new Reader() {
                ^
  The type of object is: <anonymous java.io.Reader>.
  Reason for going out of scope: regular method exit
/home/juan/Repos/complexity-verification-project/dataset6/src/main/java/OpenCMSCore.java:31: warning: [override.return] Incompatible return type.
            public int read(char[] arg0, int arg1, int arg2) throws IOException {
                   ^
  found   : @LowerBoundUnknown int
  required: @GTENegativeOne int
  Consequence: method in @LowerBoundUnknown OpenCMSCore.@LowerBoundUnknown <anonymous OpenCMSCore$1>
    @LowerBoundUnknown int read(@LowerBoundUnknown OpenCMSCore.@LowerBoundUnknown <anonymous OpenCMSCore$1> this, @LowerBoundUnknown char @LowerBoundUnknown [] p0, @LowerBoundUnknown int p1, @LowerBoundUnknown int p2) throws @LowerBoundUnknown IOException
  cannot override method in @LowerBoundUnknown Reader
    @GTENegativeOne int read(@LowerBoundUnknown Reader this, @LowerBoundUnknown char @LowerBoundUnknown [] p0, @NonNegative int p1, @NonNegative int p2) throws @LowerBoundUnknown IOException
/home/juan/Repos/complexity-verification-project/dataset6/src/main/java/OpenCMSCore.java:31: warning: [override.return] Incompatible return type.
            public int read(char[] arg0, int arg1, int arg2) throws IOException {
                   ^
  found   : @UpperBoundUnknown int
  required: @LTEqLengthOf("#1") int
  Consequence: method in @UpperBoundUnknown OpenCMSCore.@UpperBoundUnknown <anonymous OpenCMSCore$1>
    @UpperBoundUnknown int read(@UpperBoundUnknown OpenCMSCore.@UpperBoundUnknown <anonymous OpenCMSCore$1> this, @UpperBoundUnknown char @UpperBoundUnknown [] p0, @UpperBoundUnknown int p1, @UpperBoundUnknown int p2) throws @UpperBoundUnknown IOException
  cannot override method in @UpperBoundUnknown Reader
    @LTEqLengthOf("#1") int read(@UpperBoundUnknown Reader this, @UpperBoundUnknown char @UpperBoundUnknown [] p0, @LTEqLengthOf("#1") int p1, @LTLengthOf(value="#1", offset="#2 - 1") int p2) throws @UpperBoundUnknown IOException
/home/juan/Repos/complexity-verification-project/dataset6/src/main/java/Phoenix.java:30: warning: [initialization.field.uninitialized] the default constructor does not initialize field env
    private Dummy env;
                  ^
/home/juan/Repos/complexity-verification-project/dataset6/src/main/java/Phoenix.java:31: warning: [initialization.field.uninitialized] the default constructor does not initialize field PLong
    private Dummy PLong;
                  ^
/home/juan/Repos/complexity-verification-project/dataset6/src/main/java/Phoenix.java:32: warning: [initialization.field.uninitialized] the default constructor does not initialize field createTableDdl
    private String createTableDdl;
                   ^
/home/juan/Repos/complexity-verification-project/dataset6/src/main/java/Phoenix.java:33: warning: [initialization.field.uninitialized] the default constructor does not initialize field fullTableName
    private String fullTableName;
                   ^
/home/juan/Repos/complexity-verification-project/dataset6/src/main/java/Phoenix.java:35: warning: [initialization.field.uninitialized] the default constructor does not initialize field jdbcUrl
    private Object jdbcUrl;
                   ^
/home/juan/Repos/complexity-verification-project/dataset6/src/main/java/Phoenix.java:36: warning: [initialization.field.uninitialized] the default constructor does not initialize field colNames
    private Antlr4Master.ATNConfigSet colNames;
                                      ^
/home/juan/Repos/complexity-verification-project/dataset6/src/main/java/Phoenix.java:37: warning: [initialization.field.uninitialized] the default constructor does not initialize field headers
    private Antlr4Master.ATNConfigSet headers;
                                      ^
/home/juan/Repos/complexity-verification-project/dataset6/src/main/java/Phoenix.java:38: warning: [initialization.field.uninitialized] the default constructor does not initialize field keyGenerator
    private Object keyGenerator;
                   ^
/home/juan/Repos/complexity-verification-project/dataset6/src/main/java/Phoenix.java:40: warning: [initialization.field.uninitialized] the default constructor does not initialize field logger
    private Pom.POSIXHandler logger;
                             ^
/home/juan/Repos/complexity-verification-project/dataset6/src/main/java/Phoenix.java:41: warning: [initialization.field.uninitialized] the default constructor does not initialize field sinkCounter
    private Dummy sinkCounter;
                  ^
/home/juan/Repos/complexity-verification-project/dataset6/src/main/java/Phoenix.java:42: warning: [initialization.field.uninitialized] the default constructor does not initialize field serializer
    private Dummy serializer;
                  ^
/home/juan/Repos/complexity-verification-project/dataset6/src/main/java/Phoenix.java:70: warning: [argument] incompatible argument for parameter o of MetaDataMutationResult.
                EnvironmentEdgeManager.currentTimeMillis(), null); }
                                                            ^
  found   : null (NullType)
  required: @Initialized @NonNull Object
/home/juan/Repos/complexity-verification-project/dataset6/src/main/java/Phoenix.java:73: warning: [argument] incompatible argument for parameter o of getKeyForSchema.
            Scan scan = MetaDataUtil.newTableRowsScan(SchemaUtil.getKeyForSchema(null, schemaName), MIN_TABLE_TIMESTAMP,
                                                                                 ^
  found   : null (NullType)
  required: @Initialized @NonNull Object
/home/juan/Repos/complexity-verification-project/dataset6/src/main/java/Phoenix.java:80: warning: [argument] incompatible argument for parameter o of MetaDataMutationResult.
                            EnvironmentEdgeManager.currentTimeMillis(), null);
                                                                        ^
  found   : null (NullType)
  required: @Initialized @NonNull Object
/home/juan/Repos/complexity-verification-project/dataset6/src/main/java/Phoenix.java:100: warning: [argument] incompatible argument for parameter o of MetaDataMutationResult.
                null);
                ^
  found   : null (NullType)
  required: @Initialized @NonNull Object
/home/juan/Repos/complexity-verification-project/dataset6/src/main/java/Phoenix.java:254: warning: [dereference.of.nullable] dereference of possibly-null reference transaction
            transaction.rollback();
            ^
/home/juan/Repos/complexity-verification-project/dataset6/src/main/java/Phoenix.java:265: warning: [dereference.of.nullable] dereference of possibly-null reference transaction
            transaction.rollback();
            ^
/home/juan/Repos/complexity-verification-project/dataset6/src/main/java/Phoenix.java:305: warning: [dereference.of.nullable] dereference of possibly-null reference cmdLine
        if (cmdLine.hasOption(HELP_OPT.getOpt())) {
            ^
/home/juan/Repos/complexity-verification-project/dataset6/src/main/java/Phoenix.java:351: warning: [assignment] incompatible types in assignment.
        public static final Object SCHEMA_NOT_FOUND = null;
                                                      ^
  found   : null (NullType)
  required: @Initialized @NonNull Object
/home/juan/Repos/complexity-verification-project/dataset6/src/main/java/Phoenix.java:352: warning: [assignment] incompatible types in assignment.
        public static final Object TABLES_EXIST_ON_SCHEMA = null;
                                                            ^
  found   : null (NullType)
  required: @Initialized @NonNull Object
/home/juan/Repos/complexity-verification-project/dataset6/src/main/java/Phoenix.java:353: warning: [assignment] incompatible types in assignment.
        public static final Object SCHEMA_ALREADY_EXISTS = null;
                                                           ^
  found   : null (NullType)
  required: @Initialized @NonNull Object
/home/juan/Repos/complexity-verification-project/dataset6/src/main/java/Phoenix.java:420: warning: [assignment] incompatible types in assignment.
        public static final Dummy INSTANCE = null;
                                             ^
  found   : null (NullType)
  required: @Initialized @NonNull Dummy
/home/juan/Repos/complexity-verification-project/dataset6/src/main/java/Phoenix.java:468: warning: [assignment] incompatible types in assignment.
        public static final Object CONFIG_TABLE_DDL = null;
                                                      ^
  found   : null (NullType)
  required: @Initialized @NonNull Object
/home/juan/Repos/complexity-verification-project/dataset6/src/main/java/Phoenix.java:469: warning: [assignment] incompatible types in assignment.
        public static final Object CONFIG_TABLE = null;
                                                  ^
  found   : null (NullType)
  required: @Initialized @NonNull Object
/home/juan/Repos/complexity-verification-project/dataset6/src/main/java/Phoenix.java:470: warning: [assignment] incompatible types in assignment.
        public static final Object CONFIG_ZK_QUORUM = null;
                                                      ^
  found   : null (NullType)
  required: @Initialized @NonNull Object
/home/juan/Repos/complexity-verification-project/dataset6/src/main/java/Phoenix.java:471: warning: [assignment] incompatible types in assignment.
        public static final Object DEFAULT_BATCH_SIZE = null;
                                                        ^
  found   : null (NullType)
  required: @Initialized @NonNull Object
/home/juan/Repos/complexity-verification-project/dataset6/src/main/java/Phoenix.java:472: warning: [assignment] incompatible types in assignment.
        public static final Object CONFIG_BATCHSIZE = null;
                                                      ^
  found   : null (NullType)
  required: @Initialized @NonNull Object
/home/juan/Repos/complexity-verification-project/dataset6/src/main/java/Phoenix.java:473: warning: [assignment] incompatible types in assignment.
        public static final Object CONFIG_JDBC_URL = null;
                                                     ^
  found   : null (NullType)
  required: @Initialized @NonNull Object
/home/juan/Repos/complexity-verification-project/dataset6/src/main/java/Phoenix.java:513: warning: [assignment] incompatible types in assignment.
        public static final Status READY = null;
                                           ^
  found   : null (NullType)
  required: @Initialized @NonNull Status
/home/juan/Repos/complexity-verification-project/dataset6/src/main/java/Phoenix.java:514: warning: [assignment] incompatible types in assignment.
        public static final Status BACKOFF = null;
                                             ^
  found   : null (NullType)
  required: @Initialized @NonNull Status
/home/juan/Repos/complexity-verification-project/dataset6/src/main/java/Phoenix.java:518: warning: [assignment] incompatible types in assignment.
        public static final Object NANOSECONDS = null;
                                                 ^
  found   : null (NullType)
  required: @Initialized @NonNull Object
/home/juan/Repos/complexity-verification-project/dataset6/src/main/java/Phoenix.java:519: warning: [assignment] incompatible types in assignment.
        public static final HibernateORM.Environment SECONDS = null;
                                                               ^
  found   : null (NullType)
  required: @Initialized @NonNull Environment
/home/juan/Repos/complexity-verification-project/dataset6/src/main/java/Phoenix.java:137: warning: [array.length.negative] Variable used in array creation could be negative.
        byte[] resultPtr=new byte[PLong.INSTANCE.getByteSize()];
                                                            ^
  found   : @LowerBoundUnknown int
  required: an integer >= 0 (@NonNegative or @Positive)
/home/juan/Repos/complexity-verification-project/dataset6/src/main/java/Pom.java:26: warning: [initialization.field.uninitialized] the default constructor does not initialize field iconClassName
    private String iconClassName;
                   ^
/home/juan/Repos/complexity-verification-project/dataset6/src/main/java/Pom.java:31: warning: [initialization.static.field.uninitialized] static field reloadThread not initialized
    private static ReloadThread reloadThread;
                                ^
/home/juan/Repos/complexity-verification-project/dataset6/src/main/java/Pom.java:32: warning: [initialization.static.field.uninitialized] static field jnaPosix not initialized
    private static org.jruby.ext.posix.POSIX jnaPosix;
                                             ^
/home/juan/Repos/complexity-verification-project/dataset6/src/main/java/Pom.java:40: warning: [argument] incompatible argument for parameter base of limit.
        limit(null, null);
              ^
  found   : null (NullType)
  required: @Initialized @NonNull Iterator<? extends /*INFERENCE FAILED for:*/ ? extends @Initialized @NonNull Object>
/home/juan/Repos/complexity-verification-project/dataset6/src/main/java/Pom.java:40: warning: [argument] incompatible argument for parameter filter of limit.
        limit(null, null);
                    ^
  found   : null (NullType)
  required: @Initialized @NonNull CountingPredicate<? extends @Initialized @Nullable Object super /*INFERENCE FAILED for:*/ ? extends @Initialized @NonNull Object>
/home/juan/Repos/complexity-verification-project/dataset6/src/main/java/Pom.java:75: warning: [initialization.fields.uninitialized] the constructor does not initialize fields: localizibleDescription
        public HealthReport(int score, String iconUrl, Localizable description) {
               ^
/home/juan/Repos/complexity-verification-project/dataset6/src/main/java/Pom.java:103: warning: [assignment] incompatible types in assignment.
            this.description = null;
                               ^
  found   : null (NullType)
  required: @Initialized @NonNull String
/home/juan/Repos/complexity-verification-project/dataset6/src/main/java/Pom.java:104: warning: [method.invocation] call to setLocalizibleDescription(Pom.Localizable) not allowed on the given receiver.
            setLocalizibleDescription(description);
                                     ^
  found   : @Initialized @NonNull Pom.@UnderInitialization @NonNull HealthReport
  required: @Initialized @NonNull Pom.@Initialized @NonNull HealthReport
/home/juan/Repos/complexity-verification-project/dataset6/src/main/java/Pom.java:215: warning: [initialization.field.uninitialized] the default constructor does not initialize field next
            private T next;
                      ^
/home/juan/Repos/complexity-verification-project/dataset6/src/main/java/Pom.java:226: warning: [assignment] incompatible types in assignment.
                next = null;
                       ^
  found   : null (NullType)
  required: T extends @Initialized @Nullable Object
/home/juan/Repos/complexity-verification-project/dataset6/src/main/java/Pom.java:235: warning: [assignment] incompatible types in assignment.
                            next = null;
                                   ^
  found   : null (NullType)
  required: T extends @Initialized @Nullable Object
/home/juan/Repos/complexity-verification-project/dataset6/src/main/java/Pom.java:336: warning: [initialization.field.uninitialized] the default constructor does not initialize field reloadQueue
        public Set<ViewJob> reloadQueue;
                            ^
/home/juan/Repos/complexity-verification-project/dataset6/src/main/java/Pom.java:444: warning: [override.param] Incompatible parameter type for o.
        public boolean equals(Object o) {
                                     ^
  found   : @Initialized @NonNull Object
  required: @Initialized @Nullable Object
  Consequence: method in @Initialized @NonNull Pom.@Initialized @NonNull RunMap<T extends @Initialized @Nullable Object>
    @Initialized @NonNull boolean equals(@Initialized @NonNull Pom.@Initialized @NonNull RunMap<T extends @Initialized @Nullable Object> this, @Initialized @NonNull Object p0)
  cannot override method in @Initialized @NonNull Object
    @Initialized @NonNull boolean equals(@Initialized @NonNull Object this, @Initialized @Nullable Object p0)
/home/juan/Repos/complexity-verification-project/dataset6/src/main/java/Pom.java:179: warning: [array.access.unsafe.high.range] Potentially unsafe array access: the index could be larger than the array's bound
                        envp[i++] = e.getKey()+'+'+e.getValue();
                              ^
  index type found: @IntRange(from=-2147483648) int
  array type found: @UnknownVal String @UnknownVal []
  required        : index of type @IndexFor("envp") or @LTLengthOf("envp"), or array of type @MinLen(-9223372036854775808)
/home/juan/Repos/complexity-verification-project/dataset6/src/main/java/Pom.java:384: warning: [override.return] Incompatible return type.
        public int size() {
               ^
  found   : @LowerBoundUnknown int
  required: @NonNegative int
  Consequence: method in @LowerBoundUnknown Pom.@LowerBoundUnknown RunMap<T extends @LowerBoundUnknown Object>
    @LowerBoundUnknown int size(@LowerBoundUnknown Pom.@LowerBoundUnknown RunMap<T extends @LowerBoundUnknown Object> this)
  cannot override method in @LowerBoundUnknown Map</*INFERENCE FAILED for:*/ ? extends @LowerBoundUnknown Object, /*INFERENCE FAILED for:*/ ? extends @LowerBoundUnknown Object>
    @NonNegative int size(@LowerBoundUnknown Map</*INFERENCE FAILED for:*/ ? extends @LowerBoundUnknown Object, /*INFERENCE FAILED for:*/ ? extends @LowerBoundUnknown Object> this)
/home/juan/Repos/complexity-verification-project/dataset6/src/main/java/HibernateORM.java:7: warning: [initialization.field.uninitialized] the default constructor does not initialize field targetedPersister
    private Object targetedPersister;
                   ^
/home/juan/Repos/complexity-verification-project/dataset6/src/main/java/HibernateORM.java:8: warning: [initialization.field.uninitialized] the default constructor does not initialize field updates
    private Update[] updates;
                     ^
/home/juan/Repos/complexity-verification-project/dataset6/src/main/java/HibernateORM.java:9: warning: [initialization.field.uninitialized] the default constructor does not initialize field idInsertSelect
    private String idInsertSelect;
                   ^
/home/juan/Repos/complexity-verification-project/dataset6/src/main/java/HibernateORM.java:10: warning: [initialization.field.uninitialized] the default constructor does not initialize field idSelectParameterSpecifications
    private ParameterSpecification[] idSelectParameterSpecifications;
                                     ^
/home/juan/Repos/complexity-verification-project/dataset6/src/main/java/HibernateORM.java:11: warning: [initialization.field.uninitialized] the default constructor does not initialize field assignmentParameterSpecifications
    private ParameterSpecification[][] assignmentParameterSpecifications;
                                       ^
/home/juan/Repos/complexity-verification-project/dataset6/src/main/java/HibernateORM.java:12: warning: [initialization.field.uninitialized] the default constructor does not initialize field queryString
    private Update queryString;
                   ^
/home/juan/Repos/complexity-verification-project/dataset6/src/main/java/HibernateORM.java:13: warning: [initialization.field.uninitialized] the default constructor does not initialize field dialect
    private Object dialect;
                   ^
/home/juan/Repos/complexity-verification-project/dataset6/src/main/java/HibernateORM.java:317: warning: [argument] incompatible argument for parameter ownerKey of toLoggableString.
                    ownerKey, session.getFactory() ) );
                    ^
  found   : @Initialized @Nullable Serializable
  required: @Initialized @NonNull Serializable
/home/juan/Repos/complexity-verification-project/dataset6/src/main/java/HibernateORM.java:352: warning: [assignment] incompatible types in assignment.
        public static final Object STRING = null;
                                            ^
  found   : null (NullType)
  required: @Initialized @NonNull Object
/home/juan/Repos/complexity-verification-project/dataset6/src/main/java/HibernateORM.java:353: warning: [assignment] incompatible types in assignment.
        public static final Object TIMESTAMP = null;
                                               ^
  found   : null (NullType)
  required: @Initialized @NonNull Object
/home/juan/Repos/complexity-verification-project/dataset6/src/main/java/HibernateORM.java:357: warning: [assignment] incompatible types in assignment.
        public static final Object USE_STREAMS_FOR_BINARY = null;
                                                            ^
  found   : null (NullType)
  required: @Initialized @NonNull Object
/home/juan/Repos/complexity-verification-project/dataset6/src/main/java/HibernateORM.java:358: warning: [assignment] incompatible types in assignment.
        public static final Object STATEMENT_BATCH_SIZE = null;
                                                          ^
  found   : null (NullType)
  required: @Initialized @NonNull Object
/home/juan/Repos/complexity-verification-project/dataset6/src/main/java/HibernateORM.java:197: warning: [array.access.unsafe.high] Potentially unsafe array access: the index could be larger than the array's bound
                        if ( assignmentParameterSpecifications[i] != null ) {
                                                               ^
  found   : @LTLengthOf(value="this.updates", offset="0") int
  required: @IndexFor("this.assignmentParameterSpecifications") or @LTLengthOf("this.assignmentParameterSpecifications") -- an integer less than this.assignmentParameterSpecifications's length
/home/juan/Repos/complexity-verification-project/dataset6/src/main/java/HibernateORM.java:199: warning: [array.access.unsafe.high] Potentially unsafe array access: the index could be larger than the array's bound
                            for ( int x = 0; x < assignmentParameterSpecifications[i].length; x++ ) {
                                                                                   ^
  found   : @LTLengthOf(value="this.updates", offset="0") int
  required: @IndexFor("this.assignmentParameterSpecifications") or @LTLengthOf("this.assignmentParameterSpecifications") -- an integer less than this.assignmentParameterSpecifications's length
/home/juan/Repos/complexity-verification-project/dataset6/src/main/java/HibernateORM.java:200: warning: [array.access.unsafe.high] Potentially unsafe array access: the index could be larger than the array's bound
                                position += assignmentParameterSpecifications[i][x].bind( ps, queryParameters, session, position );
                                                                              ^
  found   : @LTLengthOf(value="this.updates", offset="0") int
  required: @IndexFor("this.assignmentParameterSpecifications") or @LTLengthOf("this.assignmentParameterSpecifications") -- an integer less than this.assignmentParameterSpecifications's length
/home/juan/Repos/complexity-verification-project/dataset6/src/main/java/K9.java:5: warning: [initialization.static.field.uninitialized] static field sStores not initialized
    private static DualHashMap<String, Store> sStores;
                                              ^
/home/juan/Repos/complexity-verification-project/dataset6/src/main/java/K9.java:88: warning: [argument] incompatible argument for parameter oAuth2TokenProvider of ImapStore.
                        oAuth2TokenProvider);
                        ^
  found   : @FBCBottom @Nullable OAuth2TokenProvider
  required: @Initialized @NonNull OAuth2TokenProvider
/home/juan/Repos/complexity-verification-project/dataset6/src/main/java/K9.java:250: warning: [assignment] incompatible types in assignment.
        public static final Object CONNECTIVITY_SERVICE = null;
                                                          ^
  found   : null (NullType)
  required: @Initialized @NonNull Object
/home/juan/Repos/complexity-verification-project/dataset6/src/main/java/K9.java:416: warning: [assignment] incompatible types in assignment.
        public static final Object NONE = null;
                                          ^
  found   : null (NullType)
  required: @Initialized @NonNull Object
/home/juan/Repos/complexity-verification-project/dataset6/src/main/java/K9.java:420: warning: [assignment] incompatible types in assignment.
        public static final Object XOAUTH2 = null;
                                             ^
  found   : null (NullType)
  required: @Initialized @NonNull Object
/home/juan/Repos/complexity-verification-project/dataset6/src/main/java/SpringBatch.java:18: warning: [initialization.field.uninitialized] the default constructor does not initialize field container
    private Bean container;
                 ^
/home/juan/Repos/complexity-verification-project/dataset6/src/main/java/SpringBatch.java:19: warning: [initialization.field.uninitialized] the default constructor does not initialize field processed
    private Treese processed;
                   ^
/home/juan/Repos/complexity-verification-project/dataset6/src/main/java/SpringBatch.java:20: warning: [initialization.field.uninitialized] the default constructor does not initialize field recovered
    private Treese recovered;
                   ^
/home/juan/Repos/complexity-verification-project/dataset6/src/main/java/SpringBatch.java:21: warning: [initialization.field.uninitialized] the default constructor does not initialize field jmsTemplate
    private Treese jmsTemplate;
                   ^
/home/juan/Repos/complexity-verification-project/dataset6/src/main/java/SpringBatch.java:22: warning: [initialization.field.uninitialized] the default constructor does not initialize field reader
    private FlatFileItemReader<Object> reader;
                                       ^
/home/juan/Repos/complexity-verification-project/dataset6/src/main/java/SpringBatch.java:23: warning: [initialization.field.uninitialized] the default constructor does not initialize field executionContext
    private ExecutionContext executionContext;
                             ^
/home/juan/Repos/complexity-verification-project/dataset6/src/main/java/SpringBatch.java:24: warning: [initialization.field.uninitialized] the default constructor does not initialize field writer
    private ItmWriter writer;
                      ^
/home/juan/Repos/complexity-verification-project/dataset6/src/main/java/SpringBatch.java:177: warning: [return] incompatible types in return.
        return null;
               ^
  type of expression: null (NullType)
  method return type: T extends @Initialized @Nullable Object
/home/juan/Repos/complexity-verification-project/dataset6/src/main/java/SpringBatch.java:200: warning: [return] incompatible types in return.
                return StringUtils.hasText(record) ? record : null;
                                                   ^
  type of expression: @Initialized @Nullable String
  method return type: @Initialized @NonNull String
/home/juan/Repos/complexity-verification-project/dataset6/src/main/java/SpringBatch.java:213: warning: [argument] incompatible argument for parameter foo of assertEquals.
        assertEquals(null, reader.read());
                     ^
  found   : null (NullType)
  required: @Initialized @NonNull String
/home/juan/Repos/complexity-verification-project/dataset6/src/main/java/SpringBatch.java:256: warning: [return] incompatible types in return.
        return null;
               ^
  type of expression: null (NullType)
  method return type: @Initialized @NonNull SpringBatch.@Initialized @NonNull ItmWriter
/home/juan/Repos/complexity-verification-project/dataset6/src/main/java/SpringBatch.java:260: warning: [return] incompatible types in return.
        return null;
               ^
  type of expression: null (NullType)
  method return type: @Initialized @NonNull Resource
/home/juan/Repos/complexity-verification-project/dataset6/src/main/java/SpringBatch.java:272: warning: [return] incompatible types in return.
        return null;
               ^
  type of expression: null (NullType)
  method return type: @Initialized @NonNull SpringBatch.@Initialized @NonNull Returner
/home/juan/Repos/complexity-verification-project/dataset6/src/main/java/SpringBatch.java:284: warning: [return] incompatible types in return.
        return null;
               ^
  type of expression: null (NullType)
  method return type: @Initialized @NonNull SpringBatch.@Initialized @NonNull JobExecution
/home/juan/Repos/complexity-verification-project/dataset6/src/main/java/SpringBatch.java:289: warning: [return] incompatible types in return.
            return null;
                   ^
  type of expression: null (NullType)
  method return type: @Initialized @NonNull String
/home/juan/Repos/complexity-verification-project/dataset6/src/main/java/SpringBatch.java:325: warning: [return] incompatible types in return.
            return null;
                   ^
  type of expression: null (NullType)
  method return type: @Initialized @NonNull Object
/home/juan/Repos/complexity-verification-project/dataset6/src/main/java/SpringBatch.java:329: warning: [return] incompatible types in return.
            return null;
                   ^
  type of expression: null (NullType)
  method return type: @Initialized @NonNull Object
/home/juan/Repos/complexity-verification-project/dataset6/src/main/java/SpringBatch.java:349: warning: [return] incompatible types in return.
            return null;
                   ^
  type of expression: null (NullType)
  method return type: @Initialized @NonNull Object
/home/juan/Repos/complexity-verification-project/dataset6/src/main/java/SpringBatch.java:384: warning: [return] incompatible types in return.
            return null;
                   ^
  type of expression: null (NullType)
  method return type: @Initialized @NonNull Connection
/home/juan/Repos/complexity-verification-project/dataset6/src/main/java/weka/gui/beans/ClassifierPerformanceEvaluatorCustomizer.java:43: warning: [initialization.field.uninitialized] the default constructor does not initialize field m_modifyListener
  private ModifyListener m_modifyListener;
                         ^
/home/juan/Repos/complexity-verification-project/dataset6/src/main/java/weka/gui/beans/ClassifierPerformanceEvaluatorCustomizer.java:44: warning: [initialization.field.uninitialized] the default constructor does not initialize field m_evaluationMetrics
  private List<String> m_evaluationMetrics;
                       ^
/home/juan/Repos/complexity-verification-project/dataset6/src/main/java/weka/gui/beans/ClassifierPerformanceEvaluatorCustomizer.java:45: warning: [initialization.field.uninitialized] the default constructor does not initialize field m_cpe
  private ModifyListener m_cpe;
                         ^
/home/juan/Repos/complexity-verification-project/dataset6/src/main/java/weka/gui/beans/ClassifierPerformanceEvaluatorCustomizer.java:46: warning: [initialization.field.uninitialized] the default constructor does not initialize field m_parent
  private ModifyListener m_parent;
                         ^
/home/juan/Repos/complexity-verification-project/dataset6/src/main/java/weka/gui/beans/ClassifierPerformanceEvaluatorCustomizer.java:77: warning: [argument] incompatible argument for parameter end of substring.
          String newList = b.substring(0, b.length() - 1);
                                                     ^
  found   : @GTENegativeOne int
  required: @NonNegative int
/home/juan/Repos/complexity-verification-project/dataset6/src/main/java/weka/gui/beans/ModelPerformanceChart.java:44: warning: [initialization.field.uninitialized] the default constructor does not initialize field m_popupFrame
  protected transient JFrame m_popupFrame;
                             ^
/home/juan/Repos/complexity-verification-project/dataset6/src/main/java/weka/gui/beans/ModelPerformanceChart.java:48: warning: [initialization.field.uninitialized] the default constructor does not initialize field m_visPanel
  private transient VisualizePanel m_visPanel;
                                   ^
/home/juan/Repos/complexity-verification-project/dataset6/src/main/java/weka/gui/beans/ModelPerformanceChart.java:49: warning: [initialization.field.uninitialized] the default constructor does not initialize field m_masterPlot
  private Object m_masterPlot;
                 ^
/home/juan/Repos/complexity-verification-project/dataset6/src/main/java/weka/gui/beans/ModelPerformanceChart.java:50: warning: [initialization.field.uninitialized] the default constructor does not initialize field m_offscreenPlotData
  private Object m_offscreenPlotData;
                 ^
/home/juan/Repos/complexity-verification-project/dataset6/src/main/java/weka/gui/beans/ModelPerformanceChart.java:106: warning: [assignment] incompatible types in assignment.
      m_visPanel = null;
                   ^
  found   : null (NullType)
  required: @Initialized @NonNull ModelPerformanceChart.@Initialized @NonNull VisualizePanel
/home/juan/Repos/complexity-verification-project/dataset6/src/main/java/weka/gui/beans/ModelPerformanceChart.java:107: warning: [assignment] incompatible types in assignment.
      m_masterPlot = null;
                     ^
  found   : null (NullType)
  required: @Initialized @NonNull Object
/home/juan/Repos/complexity-verification-project/dataset6/src/main/java/weka/gui/beans/ModelPerformanceChart.java:108: warning: [assignment] incompatible types in assignment.
      m_offscreenPlotData = null;
                            ^
  found   : null (NullType)
  required: @Initialized @NonNull Object
/home/juan/Repos/complexity-verification-project/dataset6/src/main/java/weka/gui/experiment/GeneratorPropertyIteratorPanel.java:56: warning: [initialization.field.uninitialized] the default constructor does not initialize field m_Exp
  protected Experiment m_Exp;
                       ^
/home/juan/Repos/complexity-verification-project/dataset6/src/main/java/weka/gui/experiment/GeneratorPropertyIteratorPanel.java:94: warning: [argument] incompatible argument for parameter o of setValue.
        m_ArrayEditor.setValue(null);
                               ^
  found   : null (NullType)
  required: @Initialized @NonNull Object
/home/juan/Repos/complexity-verification-project/dataset6/src/main/java/weka/gui/experiment/GeneratorPropertyIteratorPanel.java:79: warning: [not.interned] attempting to use a non-@Interned comparison operand
    if (e.getSource() == m_ConfigureBut) {
                   ^
/home/juan/Repos/complexity-verification-project/dataset6/src/main/java/weka/gui/experiment/GeneratorPropertyIteratorPanel.java:81: warning: [not.interned] attempting to use a non-@Interned comparison operand
    } else if (e.getSource() == m_StatusBox) {
                          ^
Note: /home/juan/Repos/complexity-verification-project/dataset6/src/main/java/Phoenix.java uses or overrides a deprecated API.
Note: Recompile with -Xlint:deprecation for details.
Note: /home/juan/Repos/complexity-verification-project/dataset6/src/main/java/Pom.java uses unchecked or unsafe operations.
Note: Recompile with -Xlint:unchecked for details.
224 warnings
